{"meta": {"format": 2, "version": "7.4.4", "timestamp": "2025-02-20T22:25:44.883002", "branch_coverage": true, "show_contexts": false}, "files": {"src/cucu/__init__.py": {"executed_lines": [2, 4, 5, 6, 9, 10, 12, 30, 37, 38], "summary": {"covered_lines": 10, "num_statements": 10, "percent_covered": 100.0, "percent_covered_display": "100", "missing_lines": 0, "excluded_lines": 0, "num_branches": 0, "num_partial_branches": 0, "covered_branches": 0, "missing_branches": 0}, "missing_lines": [], "excluded_lines": [], "executed_branches": [], "missing_branches": []}, "src/cucu/ansi_parser.py": {"executed_lines": [1, 2, 4, 6, 7, 30, 32, 37, 38, 41, 45, 46, 47, 48, 49, 50, 51, 58], "summary": {"covered_lines": 18, "num_statements": 20, "percent_covered": 87.5, "percent_covered_display": "88", "missing_lines": 2, "excluded_lines": 0, "num_branches": 4, "num_partial_branches": 1, "covered_branches": 3, "missing_branches": 1}, "missing_lines": [52, 54], "excluded_lines": [], "executed_branches": [[50, -50], [50, 51], [51, 58]], "missing_branches": [[51, 52]]}, "src/cucu/behave_tweaks.py": {"executed_lines": [6, 7, 8, 10, 11, 12, 14, 17, 18, 21, 23, 24, 27, 28, 34, 35, 37, 45, 46, 47, 52, 56, 57, 60, 63, 64, 67, 68, 69, 71, 72, 74, 76, 78, 80, 107, 108, 109, 110, 111, 118, 120, 122, 125, 128, 129, 139, 140, 141, 142, 143, 145, 146, 148, 149, 151, 152, 154, 157, 158, 160, 161, 163, 164, 166, 168, 169, 171, 172, 174, 176, 177, 179, 189, 194, 195, 196], "summary": {"covered_lines": 76, "num_statements": 83, "percent_covered": 90.43478260869566, "percent_covered_display": "90", "missing_lines": 7, "excluded_lines": 0, "num_branches": 32, "num_partial_branches": 0, "covered_branches": 28, "missing_branches": 4}, "missing_lines": [155, 180, 182, 183, 185, 186, 187], "excluded_lines": [], "executed_branches": [[34, -27], [34, 35], [45, 46], [45, 78], [56, 57], [56, 78], [63, 56], [63, 64], [68, 69], [68, 76], [71, 72], [71, 74], [80, -80], [80, 80], [80, 122], [108, 109], [108, 110], [109, 108], [109, 110], [110, 109], [110, 118], [160, -157], [160, 161], [168, 169], [168, 174], [171, -163], [171, 172], [176, -163], [176, 177]], "missing_branches": [[182, 183], [182, 185], [186, -179], [186, 187]]}, "src/cucu/browser/__init__.py": {"executed_lines": [], "summary": {"covered_lines": 0, "num_statements": 0, "percent_covered": 100.0, "percent_covered_display": "100", "missing_lines": 0, "excluded_lines": 0, "num_branches": 0, "num_partial_branches": 0, "covered_branches": 0, "missing_branches": 0}, "missing_lines": [], "excluded_lines": [], "executed_branches": [], "missing_branches": []}, "src/cucu/browser/core.py": {"executed_lines": [6, 8, 9, 12, 13, 14, 16, 17, 19, 20, 22, 23, 25, 26, 28, 29, 31, 32, 34, 35, 37, 38, 40, 41, 43, 44, 46, 47, 49, 50, 52, 53, 55, 56, 58, 59, 62, 73, 74, 75, 76, 77, 78], "summary": {"covered_lines": 43, "num_statements": 43, "percent_covered": 97.87234042553192, "percent_covered_display": "98", "missing_lines": 0, "excluded_lines": 0, "num_branches": 4, "num_partial_branches": 1, "covered_branches": 3, "missing_branches": 1}, "missing_lines": [], "excluded_lines": [], "executed_branches": [[73, 74], [74, -62], [74, 75]], "missing_branches": [[73, -62]]}, "src/cucu/browser/frames.py": {"executed_lines": [1, 4, 18, 20, 22, 24, 25, 26, 28, 29, 32, 33, 34, 36, 37, 39, 42, 56, 58, 59, 61, 62, 65, 66, 67, 69, 72, 87, 88, 89, 90, 91, 92, 95, 96, 97, 98, 99, 100, 101, 106], "summary": {"covered_lines": 41, "num_statements": 42, "percent_covered": 94.64285714285714, "percent_covered_display": "95", "missing_lines": 1, "excluded_lines": 0, "num_branches": 14, "num_partial_branches": 2, "covered_branches": 12, "missing_branches": 2}, "missing_lines": [103], "excluded_lines": [], "executed_branches": [[20, 22], [20, 39], [25, 26], [25, 28], [29, 32], [29, 39], [36, 29], [36, 37], [62, 65], [62, 69], [92, 95], [100, 101]], "missing_branches": [[92, -72], [100, 103]]}, "src/cucu/browser/selenium.py": {"executed_lines": [1, 2, 4, 5, 6, 7, 8, 9, 10, 11, 13, 14, 15, 18, 19, 22, 26, 47, 48, 49, 51, 54, 57, 58, 60, 61, 62, 63, 67, 68, 69, 71, 72, 74, 75, 77, 78, 80, 82, 84, 85, 86, 87, 106, 107, 109, 110, 113, 114, 119, 122, 123, 128, 129, 131, 132, 133, 134, 153, 154, 156, 160, 161, 162, 164, 167, 168, 169, 170, 196, 198, 199, 200, 202, 204, 205, 207, 208, 209, 211, 212, 213, 214, 216, 217, 219, 221, 222, 223, 224, 226, 227, 229, 231, 232, 233, 235, 236, 237, 239, 240, 242, 243, 244, 246, 247, 249, 251, 253, 254, 256, 257, 259, 261, 262, 264, 265, 267, 268, 270, 271, 272, 273, 275, 276, 278, 279, 285, 286, 294, 295, 296, 297, 298, 303, 304, 313, 319, 320, 322, 323], "summary": {"covered_lines": 141, "num_statements": 194, "percent_covered": 68.85245901639344, "percent_covered_display": "69", "missing_lines": 53, "excluded_lines": 0, "num_branches": 50, "num_partial_branches": 15, "covered_branches": 27, "missing_branches": 23}, "missing_lines": [20, 23, 30, 31, 32, 34, 35, 36, 38, 40, 41, 43, 44, 55, 81, 91, 92, 93, 97, 98, 99, 101, 102, 120, 138, 139, 140, 144, 145, 146, 148, 149, 165, 174, 175, 176, 180, 181, 182, 184, 185, 188, 194, 280, 283, 287, 292, 305, 306, 308, 311, 314, 317], "excluded_lines": [], "executed_branches": [[54, 57], [67, 68], [67, 106], [77, 78], [80, 82], [84, 85], [106, 107], [106, 153], [119, 122], [128, 129], [131, 132], [153, 154], [160, 161], [164, 167], [167, 168], [199, 200], [199, 202], [216, 217], [216, 219], [226, 227], [226, 229], [279, 285], [286, 294], [295, 296], [313, 319], [319, -278], [319, 320]], "missing_branches": [[30, 31], [30, 38], [32, 34], [32, 38], [38, 40], [38, 43], [43, -26], [43, 44], [54, 55], [77, 80], [80, 81], [84, 101], [119, 120], [128, 131], [131, 148], [153, 194], [160, 164], [164, 165], [167, 184], [279, 280], [286, 287], [295, 308], [313, 314]]}, "src/cucu/browser/selenium_tweaks.py": {"executed_lines": [1, 3, 4, 7, 10, 19, 20, 22, 23, 25, 27], "summary": {"covered_lines": 11, "num_statements": 11, "percent_covered": 100.0, "percent_covered_display": "100", "missing_lines": 0, "excluded_lines": 0, "num_branches": 0, "num_partial_branches": 0, "covered_branches": 0, "missing_branches": 0}, "missing_lines": [], "excluded_lines": [], "executed_branches": [], "missing_branches": []}, "src/cucu/cli/__init__.py": {"executed_lines": [3], "summary": {"covered_lines": 1, "num_statements": 1, "percent_covered": 100.0, "percent_covered_display": "100", "missing_lines": 0, "excluded_lines": 0, "num_branches": 0, "num_partial_branches": 0, "covered_branches": 0, "missing_branches": 0}, "missing_lines": [], "excluded_lines": [], "executed_branches": [], "missing_branches": []}, "src/cucu/cli/core.py": {"executed_lines": [2, 3, 4, 5, 6, 7, 8, 9, 10, 11, 13, 14, 15, 16, 17, 18, 20, 28, 29, 30, 31, 32, 35, 38, 39, 40, 44, 47, 48, 49, 55, 61, 66, 73, 79, 85, 91, 92, 98, 105, 111, 117, 123, 129, 134, 140, 146, 151, 157, 163, 169, 174, 180, 188, 195, 200, 206, 239, 240, 242, 246, 247, 256, 258, 259, 261, 262, 263, 264, 266, 268, 269, 271, 272, 273, 276, 278, 279, 281, 282, 284, 287, 288, 290, 291, 293, 296, 297, 299, 300, 301, 302, 304, 305, 306, 307, 309, 310, 312, 313, 314, 316, 318, 336, 337, 340, 341, 342, 344, 346, 352, 354, 365, 366, 367, 368, 370, 372, 373, 375, 376, 378, 379, 380, 381, 382, 385, 389, 403, 404, 406, 407, 408, 431, 434, 435, 436, 437, 438, 441, 442, 444, 445, 446, 447, 448, 449, 450, 452, 453, 456, 458, 460, 462, 463, 465, 466, 468, 470, 471, 472, 474, 476, 477, 478, 479, 483, 484, 486, 487, 495, 510, 511, 513, 515, 518, 520, 521, 524, 525, 526, 527, 528, 529, 530, 536, 537, 540, 541, 542, 548, 554, 560, 566, 567, 574, 586, 588, 589, 591, 592, 594, 597, 599, 602, 604, 605, 608, 610, 615, 616, 617, 625, 629, 631, 632, 641, 642, 643, 646, 652, 656, 657, 659, 661, 662, 664, 667, 668, 670, 672, 674, 676, 677, 678, 680, 681, 682, 684, 685, 686, 689, 690, 692, 693, 694, 695, 697, 698, 699, 700, 702, 704, 705, 706, 710, 711, 712, 715, 720, 721, 727, 733, 737, 738, 740, 743, 744, 745, 749, 753, 755, 756, 758, 765, 768, 769, 776, 782, 788, 794, 818], "summary": {"covered_lines": 282, "num_statements": 313, "percent_covered": 91.29662522202487, "percent_covered_display": "91", "missing_lines": 31, "excluded_lines": 0, "num_branches": 250, "num_partial_branches": 12, "covered_branches": 232, "missing_branches": 18}, "missing_lines": [285, 294, 347, 350, 383, 386, 387, 390, 393, 396, 397, 398, 400, 439, 595, 634, 635, 638, 665, 798, 799, 801, 804, 806, 807, 808, 809, 811, 812, 815, 819], "excluded_lines": [], "executed_branches": [[38, 39], [38, 40], [39, 38], [39, 40], [40, 39], [40, 47], [47, 48], [47, 206], [48, 47], [48, 49], [49, 48], [49, 49], [49, 55], [55, 49], [55, 55], [55, 61], [61, 55], [61, 61], [61, 66], [66, 61], [66, 66], [66, 73], [73, 66], [73, 73], [73, 79], [79, 73], [79, 79], [79, 85], [85, 79], [85, 85], [85, 91], [91, 85], [91, 92], [92, 91], [92, 92], [92, 98], [98, 92], [98, 98], [98, 105], [105, 98], [105, 105], [105, 111], [111, 105], [111, 111], [111, 117], [117, 111], [117, 117], [117, 123], [123, 117], [123, 123], [123, 129], [129, 123], [129, 129], [129, 134], [134, 129], [134, 134], [134, 140], [140, 134], [140, 140], [140, 146], [146, 140], [146, 146], [146, 151], [151, 146], [151, 151], [151, 157], [157, 151], [157, 157], [157, 163], [163, 157], [163, 163], [163, 169], [169, 163], [169, 169], [169, 174], [174, 169], [174, 174], [174, 180], [180, 174], [180, 180], [180, 188], [188, 180], [188, 188], [188, 195], [195, 188], [195, 195], [195, 200], [200, 195], [200, 200], [200, 206], [206, 200], [206, 495], [242, 246], [242, 256], [246, 247], [246, 256], [261, 262], [261, 268], [262, 263], [263, 264], [263, 266], [268, 269], [268, 271], [271, 272], [271, 276], [278, 279], [278, 281], [281, 282], [281, 284], [284, 287], [287, 288], [287, 290], [290, 291], [290, 293], [293, 296], [296, 297], [296, 299], [300, 301], [300, 340], [301, 302], [301, 318], [336, 337], [336, 483], [340, 341], [340, 344], [346, 352], [354, 354], [354, 365], [354, 483], [367, 368], [367, 378], [379, -378], [379, 380], [382, 385], [407, 408], [407, 434], [435, 436], [435, 470], [437, 438], [437, 460], [438, 441], [441, 442], [441, 458], [445, 437], [445, 446], [447, 448], [447, 452], [448, 449], [462, 463], [462, 468], [463, 465], [463, 466], [470, 471], [470, 474], [476, 354], [476, 477], [483, 484], [483, 486], [486, -47], [486, 487], [510, 511], [510, 513], [520, -495], [520, 521], [525, -524], [525, 526], [529, 530], [529, 537], [540, 541], [540, 574], [541, 540], [541, 542], [542, 541], [542, 542], [542, 548], [548, 542], [548, 548], [548, 554], [554, 548], [554, 554], [554, 560], [560, 554], [560, 560], [560, 566], [566, 560], [566, 567], [567, 566], [567, 567], [567, 574], [574, 567], [574, 615], [591, 592], [591, 594], [594, 597], [599, 602], [604, 605], [604, 608], [615, 616], [615, 625], [616, 615], [616, 617], [617, 616], [617, 617], [617, 625], [625, 617], [625, 641], [631, 632], [641, 642], [641, 652], [642, 641], [642, 643], [643, 642], [643, 643], [643, 646], [646, 643], [646, 646], [646, 652], [652, 646], [652, 720], [664, 667], [670, 672], [670, 710], [676, -641], [676, 670], [676, 677], [677, 678], [677, 680], [680, 676], [680, 681], [681, 676], [681, 682], [684, 685], [684, 692], [697, 698], [697, 704], [698, 699], [698, 702], [710, -641], [710, 711], [711, 712], [711, 715], [720, 721], [720, 733], [721, 720], [721, 721], [721, 727], [727, 721], [727, 727], [727, 733], [733, 727], [733, 743], [743, 744], [743, 745], [744, 743], [744, 745], [745, 744], [745, 768], [768, 769], [768, 794], [769, 768], [769, 769], [769, 776], [776, 769], [776, 776], [776, 782], [782, 776], [782, 782], [782, 788], [788, 782], [788, 788], [788, 794], [794, 788], [794, 818], [818, -2]], "missing_branches": [[262, 266], [284, 285], [293, 294], [346, 347], [382, 383], [397, 398], [397, 400], [438, 439], [448, 437], [594, 595], [599, 610], [631, 634], [634, 635], [634, 638], [664, 665], [811, -768], [811, 812], [818, 819]]}, "src/cucu/cli/run.py": {"executed_lines": [1, 2, 3, 4, 5, 6, 8, 13, 14, 15, 18, 19, 20, 21, 22, 23, 24, 25, 28, 36, 41, 60, 62, 67, 68, 70, 71, 73, 75, 77, 78, 80, 81, 82, 84, 85, 87, 88, 90, 91, 93, 101, 104, 105, 106, 107, 109, 110, 117, 132, 133, 134, 136, 137, 139, 140, 142, 143, 145, 147, 148, 149, 150, 151, 152, 154, 156, 157, 158, 162, 164, 165, 166, 169, 170, 174, 175, 180, 183, 189, 191, 194, 195, 197, 199, 206, 207], "summary": {"covered_lines": 87, "num_statements": 93, "percent_covered": 92.0863309352518, "percent_covered_display": "92", "missing_lines": 6, "excluded_lines": 0, "num_branches": 46, "num_partial_branches": 5, "covered_branches": 41, "missing_branches": 5}, "missing_lines": [63, 102, 176, 177, 178, 192], "excluded_lines": [], "executed_branches": [[19, -18], [19, 20], [22, 23], [23, 22], [23, 24], [62, 67], [70, 71], [70, 73], [77, 78], [80, 81], [80, 84], [84, 85], [84, 87], [90, 91], [90, 93], [101, 104], [105, 106], [105, 109], [109, 110], [109, 117], [132, 133], [132, 136], [136, 137], [136, 139], [139, 140], [139, 142], [142, 143], [142, 145], [149, 150], [149, 174], [164, 165], [164, 180], [165, 164], [165, 166], [166, 165], [166, 169], [191, 194], [194, 195], [194, 197], [206, -183], [206, 207]], "missing_branches": [[22, 19], [62, 63], [77, 80], [101, 102], [191, 192]]}, "src/cucu/cli/steps.py": {"executed_lines": [1, 2, 3, 4, 6, 9, 32, 33, 35, 36, 38, 40, 41, 43, 44, 45, 47, 48, 50, 51, 52, 56, 69, 70, 72, 82, 89, 90, 92, 93, 95, 103, 105, 106, 107, 108, 110, 111, 114, 117, 125, 126, 128, 129, 130, 131, 133, 135, 136, 137], "summary": {"covered_lines": 50, "num_statements": 54, "percent_covered": 93.90243902439025, "percent_covered_display": "94", "missing_lines": 4, "excluded_lines": 0, "num_branches": 28, "num_partial_branches": 1, "covered_branches": 27, "missing_branches": 1}, "missing_lines": [79, 80, 121, 122], "excluded_lines": [], "executed_branches": [[35, 36], [35, 38], [43, 44], [43, 47], [44, 43], [44, 45], [50, 51], [50, 56], [56, 69], [56, 103], [69, 70], [69, 72], [72, 82], [103, 105], [103, 110], [106, 103], [106, 107], [110, 111], [110, 114], [128, 129], [128, 135], [129, 128], [129, 130], [130, 131], [130, 133], [135, -125], [135, 136]], "missing_branches": [[72, 79]]}, "src/cucu/cli/thread_dumper.py": {"executed_lines": [1, 2, 3, 6, 7, 12, 13, 14, 15, 16, 17, 19, 20, 21, 23, 24, 25, 27, 28, 29, 30, 31, 32, 35, 36, 37, 40, 53, 54, 55], "summary": {"covered_lines": 29, "num_statements": 29, "percent_covered": 100.0, "percent_covered_display": "100", "missing_lines": 0, "excluded_lines": 0, "num_branches": 4, "num_partial_branches": 0, "covered_branches": 4, "missing_branches": 0}, "missing_lines": [], "excluded_lines": [], "executed_branches": [[28, -27], [28, 29], [30, 31], [30, 36]], "missing_branches": []}, "src/cucu/config.py": {"executed_lines": [1, 2, 3, 4, 6, 9, 11, 13, 14, 15, 16, 17, 19, 30, 35, 37, 42, 43, 44, 46, 48, 49, 51, 53, 54, 56, 57, 58, 60, 61, 63, 64, 65, 66, 67, 69, 73, 74, 75, 77, 78, 80, 81, 83, 84, 86, 90, 92, 93, 94, 95, 96, 97, 99, 101, 108, 111, 114, 115, 116, 118, 123, 124, 125, 126, 128, 129, 130, 131, 133, 142, 144, 146, 147, 150, 151, 152, 154, 156, 158, 160, 161, 162, 163, 165, 166, 167, 169, 170, 171, 172, 178, 179, 181, 182, 184, 186, 187, 189, 190, 193, 200, 202, 203, 205, 206, 208, 210, 211, 213, 215, 222, 223, 224, 228, 229, 231, 233, 234, 236, 237, 239, 241, 252, 253, 254, 256, 258, 263, 265, 269, 270, 272, 287, 289, 290, 298, 299, 307, 308, 309, 310, 312, 314, 316, 320, 323, 327, 328, 329, 332, 337, 342, 348, 353, 358, 363, 368, 373, 378, 383, 388, 393, 398, 404, 409, 414, 422, 431, 432, 433, 434, 435, 436, 437, 438, 440], "summary": {"covered_lines": 177, "num_statements": 185, "percent_covered": 94.90196078431373, "percent_covered_display": "95", "missing_lines": 8, "excluded_lines": 0, "num_branches": 70, "num_partial_branches": 5, "covered_branches": 65, "missing_branches": 5}, "missing_lines": [70, 71, 112, 173, 174, 191, 198, 313], "excluded_lines": [], "executed_branches": [[42, 43], [53, 54], [53, 56], [65, 66], [65, 69], [66, 65], [66, 67], [74, -73], [74, 75], [92, -86], [92, 93], [93, -86], [93, 94], [94, 95], [94, 99], [111, 114], [115, 116], [115, 118], [124, 125], [124, 128], [128, -101], [128, 129], [130, 128], [130, 131], [146, 147], [146, 158], [150, 151], [150, 154], [166, 167], [166, 169], [170, 171], [170, 178], [178, 179], [178, 181], [181, 182], [181, 184], [190, 193], [193, 200], [208, 210], [208, 213], [210, 208], [210, 211], [222, 223], [222, 256], [224, 228], [224, 252], [228, 229], [228, 231], [233, 224], [233, 234], [236, 237], [236, 241], [308, 309], [308, 316], [309, 308], [309, 310], [312, 314], [431, 432], [431, 435], [432, 433], [432, 434], [435, 436], [435, 440], [436, 437], [436, 438]], "missing_branches": [[42, 46], [111, 112], [190, 191], [193, 198], [312, 313]]}, "src/cucu/edgedriver_autoinstaller/__init__.py": {"executed_lines": [3, 4, 5, 8, 31], "summary": {"covered_lines": 5, "num_statements": 16, "percent_covered": 22.727272727272727, "percent_covered_display": "23", "missing_lines": 11, "excluded_lines": 0, "num_branches": 6, "num_partial_branches": 0, "covered_branches": 0, "missing_branches": 6}, "missing_lines": [15, 16, 17, 18, 19, 20, 21, 22, 23, 28, 37], "excluded_lines": [], "executed_branches": [], "missing_branches": [[16, 17], [16, 19], [20, 21], [20, 22], [22, 23], [22, 28]]}, "src/cucu/edgedriver_autoinstaller/utils.py": {"executed_lines": [2, 6, 7, 8, 9, 10, 11, 12, 13, 15, 17, 20, 30, 40, 57, 71, 87, 98, 138, 146, 162, 169, 176, 229], "summary": {"covered_lines": 24, "num_statements": 113, "percent_covered": 15.723270440251572, "percent_covered_display": "16", "missing_lines": 89, "excluded_lines": 0, "num_branches": 46, "num_partial_branches": 1, "covered_branches": 1, "missing_branches": 45}, "missing_lines": [25, 26, 27, 35, 36, 37, 41, 42, 43, 44, 45, 46, 47, 48, 49, 51, 54, 64, 65, 66, 78, 79, 80, 81, 82, 83, 84, 88, 89, 90, 91, 92, 93, 94, 95, 102, 103, 104, 105, 106, 113, 119, 120, 132, 134, 135, 143, 151, 155, 156, 157, 158, 159, 166, 173, 184, 185, 186, 187, 188, 189, 190, 193, 194, 196, 197, 201, 204, 205, 206, 209, 210, 211, 212, 213, 214, 215, 216, 217, 218, 219, 220, 221, 223, 224, 225, 226, 230, 231], "excluded_lines": [], "executed_branches": [[229, -2]], "missing_branches": [[25, 26], [25, 27], [35, 36], [35, 37], [41, 42], [41, 44], [44, 45], [44, 47], [47, 48], [47, 51], [78, 79], [78, 80], [80, 81], [80, 84], [82, 80], [82, 83], [91, 92], [91, 95], [103, 104], [103, 105], [105, 106], [105, 119], [119, 120], [119, 134], [156, 157], [156, 159], [157, 156], [157, 158], [185, 186], [185, 188], [189, 190], [189, 194], [196, 197], [196, 201], [206, 209], [206, 223], [210, 211], [210, 212], [215, 216], [215, 219], [220, 221], [220, 224], [224, 225], [224, 226], [229, 230]]}, "src/cucu/environment.py": {"executed_lines": [1, 2, 3, 4, 5, 6, 7, 8, 10, 11, 12, 13, 15, 20, 25, 32, 35, 41, 42, 45, 46, 47, 48, 49, 50, 53, 55, 56, 59, 60, 61, 62, 65, 68, 69, 72, 75, 80, 82, 84, 85, 86, 87, 90, 92, 93, 96, 97, 99, 102, 103, 105, 106, 107, 109, 112, 120, 121, 122, 125, 130, 131, 132, 133, 134, 135, 138, 139, 140, 143, 146, 147, 148, 149, 150, 153, 156, 157, 160, 161, 164, 167, 168, 171, 172, 174, 176, 179, 180, 182, 184, 187, 188, 191, 192, 193, 194, 195, 197, 198, 201, 205, 206, 209, 214, 216, 220, 221, 222, 223, 225, 227, 230, 232, 234, 235, 237, 238, 239, 241, 244, 245, 248, 249, 250, 252, 253, 257, 258, 259, 264, 265, 269, 270, 271, 273, 274, 275, 277, 279, 282, 283], "summary": {"covered_lines": 142, "num_statements": 144, "percent_covered": 96.875, "percent_covered_display": "97", "missing_lines": 2, "excluded_lines": 0, "num_branches": 48, "num_partial_branches": 4, "covered_branches": 44, "missing_branches": 4}, "missing_lines": [162, 177], "excluded_lines": [], "executed_branches": [[41, -35], [41, 42], [49, -45], [49, 50], [55, -53], [55, 56], [60, 61], [92, 93], [130, -72], [130, 131], [161, 164], [167, 168], [167, 171], [171, 172], [171, 174], [176, 179], [179, 180], [179, 182], [187, -160], [187, 188], [192, 193], [192, 194], [194, 195], [194, 197], [197, -191], [197, 198], [214, 216], [214, 227], [221, 222], [221, 225], [222, 221], [222, 223], [244, -230], [244, 245], [257, 258], [257, 264], [264, 265], [264, 269], [269, 270], [269, 273], [273, 274], [273, 279], [282, -248], [282, 283]], "missing_branches": [[60, -59], [92, 125], [161, 162], [176, 177]]}, "src/cucu/formatter/__init__.py": {"executed_lines": [], "summary": {"covered_lines": 0, "num_statements": 0, "percent_covered": 100.0, "percent_covered_display": "100", "missing_lines": 0, "excluded_lines": 0, "num_branches": 0, "num_partial_branches": 0, "covered_branches": 0, "missing_branches": 0}, "missing_lines": [], "excluded_lines": [], "executed_branches": [], "missing_branches": []}, "src/cucu/formatter/cucu.py": {"executed_lines": [2, 4, 6, 7, 8, 9, 10, 12, 15, 16, 18, 19, 21, 22, 24, 25, 26, 27, 28, 29, 30, 32, 33, 35, 37, 38, 40, 41, 42, 44, 45, 46, 48, 50, 57, 58, 59, 60, 61, 62, 64, 67, 68, 69, 70, 72, 73, 74, 76, 78, 79, 80, 81, 82, 83, 85, 86, 88, 89, 94, 95, 96, 97, 99, 100, 102, 104, 105, 107, 108, 110, 112, 113, 114, 117, 118, 120, 121, 123, 124, 125, 127, 130, 131, 133, 134, 138, 140, 141, 142, 144, 149, 151, 152, 153, 155, 156, 157, 158, 159, 162, 163, 166, 167, 170, 171, 175, 176, 178, 180, 181, 182, 183, 184, 185, 186, 188, 189, 192, 193, 195, 196, 197, 199, 200, 202, 203, 205, 208, 210, 211, 213, 214, 215, 216, 218, 219, 226, 227, 235, 236, 237, 238, 240, 241, 243, 244, 246, 247, 251, 254, 257, 258, 260, 261], "summary": {"covered_lines": 154, "num_statements": 154, "percent_covered": 99.06542056074767, "percent_covered_display": "99", "missing_lines": 0, "excluded_lines": 0, "num_branches": 60, "num_partial_branches": 2, "covered_branches": 58, "missing_branches": 2}, "missing_lines": [], "excluded_lines": [], "executed_branches": [[41, 40], [41, 50], [42, 44], [42, 48], [58, -50], [58, 59], [61, 62], [61, 64], [73, 74], [73, 76], [79, -78], [79, 80], [107, 108], [107, 110], [113, 114], [113, 117], [124, 125], [124, 127], [144, 144], [144, 149], [144, 151], [152, 153], [152, 155], [155, 156], [155, 158], [158, 159], [158, 162], [162, 163], [162, 166], [166, 167], [166, 170], [170, 171], [175, 176], [175, 178], [180, 181], [180, 199], [183, 184], [196, 197], [196, 199], [199, 200], [199, 202], [202, 203], [202, 205], [205, 208], [205, 240], [210, 211], [210, 213], [213, 214], [213, 218], [214, 215], [214, 218], [215, 214], [215, 216], [218, 219], [218, 240], [246, -243], [246, 247], [247, -243], [247, 251]], "missing_branches": [[170, 175], [183, 188]]}, "src/cucu/formatter/json.py": {"executed_lines": [6, 8, 9, 10, 12, 13, 14, 15, 17, 23, 24, 25, 26, 28, 30, 31, 33, 34, 36, 37, 38, 39, 40, 41, 42, 43, 45, 46, 47, 48, 51, 52, 54, 55, 56, 57, 64, 65, 66, 68, 69, 78, 79, 82, 83, 85, 86, 87, 89, 100, 101, 104, 105, 106, 110, 112, 113, 114, 116, 124, 125, 126, 127, 128, 129, 130, 131, 133, 134, 135, 137, 138, 140, 141, 143, 145, 147, 148, 149, 150, 151, 152, 153, 156, 158, 159, 160, 162, 164, 165, 167, 168, 169, 170, 172, 173, 179, 180, 184, 185, 186, 188, 189, 190, 192, 200, 202, 203, 204, 206, 207, 209, 210, 211, 213, 214, 215, 216, 217, 219, 221, 223, 227, 231, 235, 236, 238, 239, 241, 242, 243, 246, 247, 248, 249, 250, 251, 253, 254, 255, 256, 258, 259, 260, 261, 263, 264, 265, 266, 267, 269, 271, 273, 277, 278, 282, 286, 289, 290, 292, 293, 295, 296, 297, 299, 308, 309, 311, 313, 314, 316, 317, 318, 320, 321], "summary": {"covered_lines": 175, "num_statements": 178, "percent_covered": 96.7479674796748, "percent_covered_display": "97", "missing_lines": 3, "excluded_lines": 0, "num_branches": 68, "num_partial_branches": 5, "covered_branches": 63, "missing_branches": 5}, "missing_lines": [102, 225, 232], "excluded_lines": [], "executed_branches": [[65, -54], [65, 66], [78, 79], [78, 82], [82, -68], [82, 83], [101, -85], [105, 104], [105, 112], [124, 125], [124, 129], [126, 127], [126, 128], [129, 130], [129, 131], [133, 134], [133, 137], [150, 151], [151, 152], [151, 153], [159, 160], [159, 184], [164, 165], [164, 167], [167, 168], [167, 172], [168, 169], [168, 172], [169, 168], [169, 170], [172, 173], [172, 184], [185, 186], [185, 188], [189, 190], [189, 192], [200, -147], [200, 202], [203, 204], [209, 210], [210, 211], [210, 213], [213, 214], [213, 219], [231, 235], [248, 249], [248, 250], [254, 253], [254, 258], [264, -263], [264, 265], [266, 267], [266, 269], [273, -263], [273, 277], [282, -263], [282, 282], [282, 286], [296, 297], [296, 299], [308, 309], [308, 311], [313, 314], [313, 316]], "missing_branches": [[101, 102], [150, 156], [203, 206], [209, -147], [231, 232]]}, "src/cucu/formatter/junit.py": {"executed_lines": [2, 3, 4, 5, 7, 8, 9, 10, 11, 13, 14, 17, 18, 19, 21, 22, 23, 24, 25, 26, 27, 28, 29, 30, 31, 34, 35, 37, 38, 39, 40, 50, 51, 53, 55, 56, 58, 59, 60, 63, 64, 65, 67, 69, 70, 72, 73, 75, 76, 82, 86, 87, 88, 90, 91, 92, 93, 97, 98, 100, 101, 105, 107, 108, 110, 111, 113, 114, 115, 116, 122, 125, 126, 128, 129, 137, 139, 140, 142, 143, 145, 146, 149, 151, 152, 153, 154, 156, 158, 163, 164, 166, 167, 169, 196, 197, 198, 212, 216, 217, 218, 219, 220, 222, 223, 225, 226, 228, 230, 231, 233, 234, 235, 237, 239, 241, 244, 245, 248, 251, 260, 261, 262, 264, 265, 266, 267, 268, 269, 270, 271, 272, 273, 275, 276, 277, 278, 279, 281, 282, 284, 286, 287, 288, 289], "summary": {"covered_lines": 145, "num_statements": 146, "percent_covered": 98.96907216494846, "percent_covered_display": "99", "missing_lines": 1, "excluded_lines": 0, "num_branches": 48, "num_partial_branches": 1, "covered_branches": 47, "missing_branches": 1}, "missing_lines": [147], "excluded_lines": [], "executed_branches": [[50, -37], [50, 51], [55, -53], [55, 56], [59, -58], [59, 60], [64, 65], [64, 67], [72, 73], [72, 107], [75, 76], [75, 82], [86, 87], [86, 100], [87, 88], [87, 90], [90, 91], [90, 97], [100, 101], [100, 105], [107, -58], [107, 108], [125, 126], [125, 128], [146, 149], [153, 154], [153, 156], [230, 231], [230, 244], [233, 234], [233, 237], [234, 233], [234, 235], [239, 241], [239, 244], [260, 261], [260, 262], [264, 265], [264, 286], [270, 271], [270, 272], [275, 276], [275, 281], [281, 282], [281, 284], [288, -169], [288, 289]], "missing_branches": [[146, 147]]}, "src/cucu/fuzzy/__init__.py": {"executed_lines": [3], "summary": {"covered_lines": 1, "num_statements": 1, "percent_covered": 100.0, "percent_covered_display": "100", "missing_lines": 0, "excluded_lines": 0, "num_branches": 0, "num_partial_branches": 0, "covered_branches": 0, "missing_branches": 0}, "missing_lines": [], "excluded_lines": [], "executed_branches": [], "missing_branches": []}, "src/cucu/fuzzy/core.py": {"executed_lines": [1, 2, 4, 5, 8, 12, 15, 18, 22, 25, 33, 34, 35, 37, 39, 40, 41, 44, 45, 49, 50, 53, 86, 91, 92, 94, 102, 103, 104, 105, 107], "summary": {"covered_lines": 30, "num_statements": 30, "percent_covered": 100.0, "percent_covered_display": "100", "missing_lines": 0, "excluded_lines": 0, "num_branches": 2, "num_partial_branches": 0, "covered_branches": 2, "missing_branches": 0}, "missing_lines": [], "excluded_lines": [], "executed_branches": [[35, 37], [35, 39]], "missing_branches": []}, "src/cucu/helpers.py": {"executed_lines": [1, 3, 5, 6, 9, 10, 31, 32, 33, 35, 49, 55, 57, 58, 60, 61, 62, 64, 67, 68, 71, 116, 117, 118, 120, 121, 122, 124, 125, 128, 129, 130, 136, 137, 138, 140, 141, 142, 143, 145, 147, 148, 151, 152, 153, 159, 160, 161, 163, 166, 174, 175, 176, 178, 179, 180, 182, 183, 186, 187, 188, 194, 195, 196, 198, 201, 202, 203, 207, 209, 212, 215, 216, 217, 223, 224, 227, 230, 237, 284, 285, 286, 288, 289, 290, 294, 295, 299, 300, 301, 303, 304, 305, 311, 312, 315, 316, 323, 324, 325, 327, 328, 331, 334, 335, 336, 338, 340, 341, 344, 345, 346, 352, 355, 358, 359, 366, 367, 368, 370, 373, 380, 430, 431, 432, 434, 437, 438, 440, 441, 444, 445, 446, 452, 453, 456, 459, 463, 495, 543, 544, 545, 547, 548, 550, 551, 552, 554, 555, 556, 558, 559, 560, 566, 567, 568, 570, 573, 574, 575, 579, 581, 584, 585, 587, 588, 595, 596, 599, 602, 611, 635, 636, 638, 639, 641, 644, 647, 648, 649, 655, 656, 658, 659, 661, 664, 667, 668, 669, 676, 745, 754, 755, 757, 758, 760, 761, 762, 763, 766, 767, 771, 774, 775, 779, 782, 785, 788, 789, 795, 798, 801, 804, 810, 812, 815, 828, 831, 832, 846, 849, 860, 863], "summary": {"covered_lines": 222, "num_statements": 271, "percent_covered": 85.88235294117646, "percent_covered_display": "86", "missing_lines": 49, "excluded_lines": 0, "num_branches": 154, "num_partial_branches": 3, "covered_branches": 143, "missing_branches": 11}, "missing_lines": [126, 149, 167, 168, 184, 213, 225, 231, 232, 313, 317, 329, 342, 356, 360, 374, 375, 435, 442, 454, 460, 461, 465, 468, 469, 471, 472, 473, 479, 482, 483, 485, 488, 489, 490, 589, 597, 605, 606, 645, 665, 783, 799, 805, 806, 818, 850, 866, 867], "excluded_lines": [], "executed_branches": [[61, 60], [61, 64], [120, 121], [120, 122], [125, 124], [125, 128], [129, 128], [129, 136], [137, 136], [137, 140], [141, 140], [141, 145], [145, 147], [145, 174], [148, 147], [148, 151], [152, 151], [152, 159], [160, 159], [160, 163], [166, 163], [166, 174], [178, 179], [178, 180], [183, 182], [183, 186], [187, 186], [187, 194], [195, 194], [195, 198], [201, 198], [201, 207], [207, -71], [207, 209], [212, 209], [212, 215], [216, 215], [216, 223], [224, 223], [224, 227], [230, -71], [230, 227], [288, 289], [288, 294], [289, 290], [300, 299], [300, 303], [304, 303], [304, 311], [312, 311], [312, 315], [316, 315], [316, 323], [324, 323], [324, 327], [328, 327], [328, 331], [334, 331], [334, 338], [338, -237], [338, 340], [341, 340], [341, 344], [345, 344], [345, 352], [355, 352], [355, 358], [359, 358], [359, 366], [367, 366], [367, 370], [373, -237], [373, 370], [434, 437], [437, -430], [437, 438], [441, 440], [441, 444], [445, 444], [445, 452], [453, 452], [453, 456], [459, 456], [459, 463], [463, -380], [547, 548], [547, 550], [550, 551], [550, 552], [555, 554], [555, 558], [559, 558], [559, 566], [567, 566], [567, 570], [573, 570], [573, 579], [579, -495], [579, 581], [584, 581], [584, 587], [588, 587], [588, 595], [596, 595], [596, 599], [602, -495], [602, 599], [638, -635], [638, 639], [644, 641], [644, 647], [648, 647], [648, 655], [658, -655], [658, 659], [664, 661], [664, 667], [668, -611], [668, 667], [760, 761], [760, 774], [762, 763], [762, 766], [766, 767], [766, 771], [782, 779], [782, 785], [788, 785], [788, 795], [798, 795], [798, 801], [804, 801], [804, 810], [810, -676], [810, 812], [815, 812], [815, 828], [831, 828], [831, 846], [849, 846], [849, 860], [863, -676], [863, 860]], "missing_branches": [[289, -284], [434, 435], [463, 465], [468, 465], [468, 471], [472, 471], [472, 479], [482, 479], [482, 485], [488, -380], [488, 485]]}, "src/cucu/hooks.py": {"executed_lines": [1, 2, 4, 6, 11, 18, 19, 20, 22, 23, 25, 26, 28, 29, 30, 32, 33, 34, 37, 38, 39, 42, 48, 51, 57, 60, 66, 69, 75, 78, 84, 87, 93, 96, 102, 105, 116, 119, 134, 137, 154, 157, 168, 171, 188, 191, 205], "summary": {"covered_lines": 47, "num_statements": 47, "percent_covered": 100.0, "percent_covered_display": "100", "missing_lines": 0, "excluded_lines": 0, "num_branches": 0, "num_partial_branches": 0, "covered_branches": 0, "missing_branches": 0}, "missing_lines": [], "excluded_lines": [], "executed_branches": [], "missing_branches": []}, "src/cucu/language_server/__init__.py": {"executed_lines": [3], "summary": {"covered_lines": 1, "num_statements": 1, "percent_covered": 100.0, "percent_covered_display": "100", "missing_lines": 0, "excluded_lines": 0, "num_branches": 0, "num_partial_branches": 0, "covered_branches": 0, "missing_branches": 0}, "missing_lines": [], "excluded_lines": [], "executed_branches": [], "missing_branches": []}, "src/cucu/language_server/core.py": {"executed_lines": [1, 2, 3, 5, 6, 13, 15, 16, 18, 21, 33, 35, 36, 39, 40, 41, 42, 43, 44, 48, 49, 50, 51, 52, 53, 54, 56, 57, 59, 61, 64, 65, 66, 67, 68, 72, 75, 110, 114], "summary": {"covered_lines": 39, "num_statements": 54, "percent_covered": 73.61111111111111, "percent_covered_display": "74", "missing_lines": 15, "excluded_lines": 0, "num_branches": 18, "num_partial_branches": 2, "covered_branches": 14, "missing_branches": 4}, "missing_lines": [76, 78, 79, 80, 82, 83, 85, 86, 90, 91, 95, 96, 97, 105, 111], "excluded_lines": [], "executed_branches": [[35, 36], [39, 40], [39, 48], [40, 39], [40, 41], [48, 49], [48, 61], [49, 50], [49, 56], [50, 49], [50, 51], [75, 72], [75, 110], [110, 114]], "missing_branches": [[35, 39], [95, 96], [95, 105], [110, 111]]}, "src/cucu/lint/__init__.py": {"executed_lines": [], "summary": {"covered_lines": 0, "num_statements": 0, "percent_covered": 100.0, "percent_covered_display": "100", "missing_lines": 0, "excluded_lines": 0, "num_branches": 0, "num_partial_branches": 0, "covered_branches": 0, "missing_branches": 0}, "missing_lines": [], "excluded_lines": [], "executed_branches": [], "missing_branches": []}, "src/cucu/lint/linter.py": {"executed_lines": [1, 2, 3, 4, 6, 8, 9, 10, 13, 20, 22, 23, 24, 29, 30, 32, 33, 35, 36, 41, 43, 46, 68, 71, 73, 74, 75, 77, 79, 82, 84, 87, 88, 89, 91, 93, 94, 96, 98, 102, 104, 105, 110, 113, 116, 117, 118, 120, 121, 123, 124, 126, 128, 132, 137, 143, 145, 150, 152, 153, 156, 158, 160, 161, 163, 165, 167, 168, 169, 170, 173, 174, 176, 183, 190, 198, 202, 203, 204, 206, 207, 209, 211, 224, 225, 239, 241, 244, 249, 250, 252, 253, 254, 256, 257, 258, 261, 262, 264, 266, 268, 269, 270, 271, 272, 273, 280, 281, 282, 283, 285, 286, 288, 291, 295, 296, 297, 300, 312, 314, 317, 319, 321, 323, 324, 325, 327, 331, 336, 337, 344, 346, 347, 350, 353, 355, 356, 358, 359, 361, 362, 367, 368, 370, 371, 372, 374, 376, 377, 379, 383, 386, 389, 390, 393, 395, 397], "summary": {"covered_lines": 157, "num_statements": 163, "percent_covered": 94.33198380566802, "percent_covered_display": "94", "missing_lines": 6, "excluded_lines": 0, "num_branches": 84, "num_partial_branches": 8, "covered_branches": 76, "missing_branches": 8}, "missing_lines": [27, 37, 147, 276, 384, 387], "excluded_lines": [], "executed_branches": [[22, 23], [29, 30], [29, 43], [32, 33], [32, 35], [35, 29], [35, 36], [36, 41], [68, 71], [68, 73], [73, 74], [74, 75], [74, 77], [79, 82], [79, 84], [87, 88], [87, 116], [93, 94], [93, 96], [96, 98], [96, 110], [104, 105], [116, 117], [116, 145], [123, 124], [123, 126], [126, 128], [126, 137], [152, 153], [152, 156], [160, 161], [160, 163], [168, 169], [168, 224], [173, 174], [173, 176], [202, 168], [202, 203], [206, 207], [206, 209], [249, 250], [249, 252], [256, 257], [256, 280], [257, 258], [257, 261], [264, 266], [264, 268], [268, 269], [280, -280], [280, 281], [281, 282], [281, 285], [285, 286], [285, 288], [319, 321], [319, 327], [323, 324], [323, 327], [336, 337], [336, 344], [346, 347], [346, 353], [355, -300], [355, 356], [367, 368], [367, 397], [371, 372], [371, 374], [376, 377], [376, 379], [383, 386], [386, 389], [389, 390], [390, 390], [390, 393], [390, 395]], "missing_branches": [[22, 27], [36, 37], [73, 147], [104, 110], [268, 276], [383, 384], [386, 387], [389, 395]]}, "src/cucu/logger.py": {"executed_lines": [1, 2, 3, 5, 8, 12, 13, 14, 15, 17, 21, 23, 25, 26, 27, 30, 39, 40, 42, 43, 44, 45, 46, 49, 50, 51, 52, 54, 55, 58, 61, 62, 63, 64, 66, 67, 69, 72, 73, 74, 75, 77, 78, 80, 83, 84, 85, 86, 88, 89, 91, 94, 95, 96, 97, 99, 100, 102, 105, 106, 107, 108, 110, 111, 113], "summary": {"covered_lines": 65, "num_statements": 66, "percent_covered": 93.47826086956522, "percent_covered_display": "93", "missing_lines": 1, "excluded_lines": 0, "num_branches": 26, "num_partial_branches": 5, "covered_branches": 21, "missing_branches": 5}, "missing_lines": [56], "excluded_lines": [], "executed_branches": [[39, 40], [39, 42], [50, 49], [50, 61], [55, 58], [62, 61], [62, 72], [66, 67], [66, 69], [73, 72], [73, 83], [77, 78], [84, 83], [84, 94], [88, 89], [95, 94], [95, 105], [99, 100], [106, -1], [106, 105], [110, 111]], "missing_branches": [[55, 56], [77, 80], [88, 91], [99, 102], [110, 113]]}, "src/cucu/matcher/__init__.py": {"executed_lines": [], "summary": {"covered_lines": 0, "num_statements": 0, "percent_covered": 100.0, "percent_covered_display": "100", "missing_lines": 0, "excluded_lines": 0, "num_branches": 0, "num_partial_branches": 0, "covered_branches": 0, "missing_branches": 0}, "missing_lines": [], "excluded_lines": [], "executed_branches": [], "missing_branches": []}, "src/cucu/matcher/core.py": {"executed_lines": [], "summary": {"covered_lines": 0, "num_statements": 5, "percent_covered": 0.0, "percent_covered_display": "0", "missing_lines": 5, "excluded_lines": 0, "num_branches": 0, "num_partial_branches": 0, "covered_branches": 0, "missing_branches": 0}, "missing_lines": [10, 11, 12, 14, 30], "excluded_lines": [], "executed_branches": [], "missing_branches": []}, "src/cucu/page_checks.py": {"executed_lines": [1, 3, 6, 11, 17, 18, 19, 21, 22, 24, 26, 30, 36, 37, 38, 51, 53, 54, 55, 57, 59, 61], "summary": {"covered_lines": 22, "num_statements": 22, "percent_covered": 100.0, "percent_covered_display": "100", "missing_lines": 0, "excluded_lines": 0, "num_branches": 14, "num_partial_branches": 0, "covered_branches": 14, "missing_branches": 0}, "missing_lines": [], "excluded_lines": [], "executed_branches": [[17, 11], [17, 26], [18, 19], [18, 24], [21, -11], [21, 22], [36, 30], [36, 61], [37, 38], [37, 59], [51, -30], [51, 53], [53, 54], [53, 57]], "missing_branches": []}, "src/cucu/reporter/__init__.py": {"executed_lines": [3], "summary": {"covered_lines": 1, "num_statements": 1, "percent_covered": 100.0, "percent_covered_display": "100", "missing_lines": 0, "excluded_lines": 0, "num_branches": 0, "num_partial_branches": 0, "covered_branches": 0, "missing_branches": 0}, "missing_lines": [], "excluded_lines": [], "executed_branches": [], "missing_branches": []}, "src/cucu/reporter/html.py": {"executed_lines": [1, 2, 3, 4, 5, 6, 7, 8, 9, 10, 12, 14, 15, 16, 17, 20, 21, 24, 27, 32, 34, 37, 38, 41, 42, 43, 44, 46, 48, 52, 53, 54, 55, 56, 59, 64, 66, 68, 69, 73, 74, 75, 76, 77, 87, 88, 89, 90, 101, 102, 103, 104, 105, 107, 109, 110, 112, 113, 115, 116, 117, 118, 119, 120, 121, 123, 124, 126, 128, 131, 134, 138, 139, 141, 142, 148, 151, 152, 153, 159, 161, 164, 166, 167, 170, 171, 176, 178, 179, 180, 182, 184, 185, 186, 187, 188, 189, 190, 191, 193, 194, 195, 196, 198, 199, 200, 202, 203, 205, 206, 207, 208, 209, 210, 211, 214, 221, 230, 232, 233, 234, 237, 239, 240, 241, 242, 245, 247, 249, 252, 254, 255, 258, 259, 260, 267, 268, 274, 275, 277, 278, 279, 280, 282, 286, 287, 289, 296, 298, 299, 300, 302, 303, 304, 306, 310, 313, 316, 320, 321, 322, 329, 330, 332, 333, 335, 336, 340, 341, 342, 343, 344, 346, 354, 355, 356, 358, 359, 360, 363, 370, 374, 376, 377, 385, 386, 387, 389, 390, 398, 399, 400, 402, 404, 405, 406, 408, 409, 410, 412, 419, 423, 424, 426, 428, 429, 430, 433, 435, 439, 449, 450, 452], "summary": {"covered_lines": 213, "num_statements": 233, "percent_covered": 89.44281524926686, "percent_covered_display": "89", "missing_lines": 20, "excluded_lines": 0, "num_branches": 108, "num_partial_branches": 14, "covered_branches": 92, "missing_branches": 16}, "missing_lines": [22, 35, 78, 79, 80, 81, 82, 106, 154, 155, 162, 172, 173, 183, 197, 215, 219, 281, 314, 361], "excluded_lines": [], "executed_branches": [[21, 24], [34, 37], [37, 38], [37, 48], [42, 43], [42, 46], [43, 44], [73, 74], [73, 87], [74, 73], [74, 75], [77, 74], [103, 104], [103, 346], [105, 107], [109, 110], [112, 113], [112, 115], [126, 128], [126, 138], [138, 139], [138, 332], [151, 152], [151, 159], [161, 164], [167, 167], [167, 170], [167, 176], [182, 184], [184, 185], [184, 186], [186, 187], [186, 188], [188, 189], [188, 190], [190, 191], [195, 196], [195, 275], [196, 198], [202, 203], [202, 205], [205, 206], [205, 232], [208, 209], [208, 230], [230, -230], [230, 232], [232, 233], [232, 254], [233, 234], [233, 247], [239, 240], [239, 242], [249, 249], [249, 252], [249, 254], [254, 255], [254, 258], [258, 259], [258, 267], [267, 268], [267, 274], [277, 278], [277, 298], [279, 280], [279, 296], [280, 282], [286, 287], [286, 289], [299, 300], [299, 302], [302, 303], [302, 306], [310, 310], [310, 313], [310, 329], [313, 316], [332, 333], [332, 335], [355, 356], [355, 358], [360, 363], [386, 387], [386, 389], [399, 400], [399, 402], [404, 405], [404, 452], [409, 410], [423, 424], [423, 426], [428, 404], [428, 429], [449, 428], [449, 450]], "missing_branches": [[21, 22], [34, 35], [43, 42], [77, 78], [80, 81], [80, 82], [105, 106], [109, 112], [161, 162], [182, 183], [190, 193], [196, 197], [280, 281], [313, 314], [360, 361], [409, 412]]}, "src/cucu/steps/__init__.py": {"executed_lines": [3, 5, 6, 8, 9, 10, 11, 12, 13, 14, 15, 16, 17, 18, 19, 20, 21, 22, 23, 24, 25, 26, 27], "summary": {"covered_lines": 23, "num_statements": 23, "percent_covered": 100.0, "percent_covered_display": "100", "missing_lines": 0, "excluded_lines": 0, "num_branches": 0, "num_partial_branches": 0, "covered_branches": 0, "missing_branches": 0}, "missing_lines": [], "excluded_lines": [], "executed_branches": [], "missing_branches": []}, "src/cucu/steps/base_steps.py": {"executed_lines": [1, 2, 3, 4, 6, 7, 8, 10, 11, 12, 14, 17, 18, 19, 21, 24, 25, 28, 31, 35, 41, 45, 48, 49, 53, 54, 55, 58, 59, 60, 63, 64, 65, 66, 68, 69, 70, 71, 74, 75, 76, 79, 80, 81, 84, 87, 88], "summary": {"covered_lines": 47, "num_statements": 49, "percent_covered": 94.36619718309859, "percent_covered_display": "94", "missing_lines": 2, "excluded_lines": 0, "num_branches": 22, "num_partial_branches": 2, "covered_branches": 20, "missing_branches": 2}, "missing_lines": [22, 50], "excluded_lines": [], "executed_branches": [[18, 17], [18, 28], [21, 24], [49, 48], [49, 53], [54, 53], [54, 58], [59, 58], [59, 63], [64, 63], [64, 74], [65, 66], [65, 68], [68, 69], [75, 74], [75, 79], [80, 79], [80, 84], [87, -1], [87, 84]], "missing_branches": [[21, 22], [68, -63]]}, "src/cucu/steps/browser_steps.py": {"executed_lines": [1, 2, 4, 6, 7, 10, 11, 12, 13, 15, 16, 17, 23, 26, 27, 34, 35, 36, 38, 40, 41, 44, 45, 46, 47, 48, 49, 52, 53, 58, 61, 62, 63, 64, 67, 68, 69, 70, 74, 75, 79, 80, 81, 84, 85, 86, 87, 90, 91, 92, 93, 96, 97, 98, 99, 102, 103, 104, 108, 111, 127, 130, 132, 133, 136, 137, 138, 139, 141, 142, 145, 146, 147, 148, 150, 151, 153, 155, 156, 159, 160, 161, 162, 163, 166, 167, 168, 170, 171, 173, 176, 177, 178, 180, 181, 183, 186, 187, 188, 189, 192, 193, 194, 197, 198, 199, 202, 203, 204, 207, 208, 209, 212, 213, 214, 217, 218, 222, 223, 227, 229, 238, 239, 240, 257, 258, 264, 266, 267, 270, 271, 272, 273, 276, 277, 284, 287, 290, 295, 296, 297, 300, 301, 302, 303, 306, 307, 312, 313, 318, 319, 320, 321, 326, 327, 328, 329, 334, 335, 336, 337], "summary": {"covered_lines": 161, "num_statements": 175, "percent_covered": 91.5057915057915, "percent_covered_display": "92", "missing_lines": 14, "excluded_lines": 0, "num_branches": 84, "num_partial_branches": 4, "covered_branches": 76, "missing_branches": 8}, "missing_lines": [54, 55, 71, 76, 128, 219, 262, 268, 291, 292, 308, 309, 314, 315], "excluded_lines": [], "executed_branches": [[27, 26], [27, 44], [34, 35], [34, 38], [45, 44], [45, 52], [53, 52], [53, 58], [61, 58], [61, 67], [70, -67], [75, 74], [75, 79], [80, 79], [80, 84], [85, 84], [85, 90], [91, 90], [91, 96], [97, 96], [97, 102], [103, 102], [103, 136], [127, 130], [137, 136], [137, 145], [141, -136], [141, 142], [146, 145], [146, 159], [150, 151], [150, 153], [160, 159], [160, 166], [167, 166], [167, 176], [170, 171], [170, 173], [177, 176], [177, 186], [180, 181], [180, 183], [187, 186], [187, 192], [198, 197], [198, 202], [203, 202], [203, 207], [213, 212], [213, 217], [218, 217], [218, 222], [258, -257], [258, 258], [267, 270], [277, 276], [277, 287], [290, 287], [290, 295], [296, 295], [296, 300], [301, 300], [301, 306], [302, -300], [302, 303], [307, 306], [307, 312], [313, 312], [313, 318], [319, 318], [319, 326], [320, -318], [320, 321], [327, 326], [327, 334], [335, -1], [335, 334]], "missing_branches": [[70, 71], [127, 128], [258, 262], [267, 268], [308, -306], [308, 309], [314, -312], [314, 315]]}, "src/cucu/steps/button_steps.py": {"executed_lines": [1, 2, 4, 7, 37, 38, 56, 58, 61, 65, 67, 68, 70, 73, 76, 79, 82, 89, 92, 93], "summary": {"covered_lines": 18, "num_statements": 18, "percent_covered": 100.0, "percent_covered_display": "100", "missing_lines": 0, "excluded_lines": 0, "num_branches": 2, "num_partial_branches": 0, "covered_branches": 2, "missing_branches": 0}, "missing_lines": [], "excluded_lines": [], "executed_branches": [[67, 68], [67, 70]], "missing_branches": []}, "src/cucu/steps/checkbox_steps.py": {"executed_lines": [1, 2, 4, 7, 22, 24, 35, 37, 40, 44, 50, 54, 57, 61, 63, 66, 67, 69, 72, 76, 78, 81, 84, 85, 88, 91, 94, 97, 100, 103, 106, 109, 112, 113], "summary": {"covered_lines": 32, "num_statements": 34, "percent_covered": 90.0, "percent_covered_display": "90", "missing_lines": 2, "excluded_lines": 0, "num_branches": 6, "num_partial_branches": 2, "covered_branches": 4, "missing_branches": 2}, "missing_lines": [64, 79], "excluded_lines": [], "executed_branches": [[63, 66], [66, 67], [66, 69], [78, 81]], "missing_branches": [[63, 64], [78, 79]]}, "src/cucu/steps/command_steps.py": {"executed_lines": [1, 2, 3, 4, 5, 7, 10, 17, 18, 20, 23, 24, 26, 27, 29, 30, 32, 33, 41, 42, 45, 52, 53, 54, 56, 57, 59, 60, 66, 69, 70, 72, 73, 75, 76, 78, 79, 86, 87, 90, 93, 104, 107, 110, 118, 121, 124, 131, 134, 140, 141, 145, 146, 147, 150, 153, 164, 167, 168, 176, 177, 178], "summary": {"covered_lines": 62, "num_statements": 74, "percent_covered": 85.45454545454545, "percent_covered_display": "85", "missing_lines": 12, "excluded_lines": 0, "num_branches": 36, "num_partial_branches": 4, "covered_branches": 32, "missing_branches": 4}, "missing_lines": [21, 34, 35, 36, 67, 80, 81, 82, 96, 137, 142, 156], "excluded_lines": [], "executed_branches": [[20, 23], [26, 27], [26, 29], [29, 30], [29, 32], [33, 41], [56, 57], [56, 59], [66, 69], [72, 73], [72, 75], [75, 76], [75, 78], [79, 86], [93, 90], [93, 104], [107, 104], [107, 118], [121, 118], [121, 131], [134, 131], [134, 140], [141, 140], [141, 145], [146, 145], [146, 150], [153, 150], [153, 164], [167, 164], [167, 176], [177, -1], [177, 176]], "missing_branches": [[20, 21], [33, 34], [66, 67], [79, 80]]}, "src/cucu/steps/comment_steps.py": {"executed_lines": [1, 3, 5, 8, 9, 14, 17], "summary": {"covered_lines": 7, "num_statements": 7, "percent_covered": 100.0, "percent_covered_display": "100", "missing_lines": 0, "excluded_lines": 0, "num_branches": 2, "num_partial_branches": 0, "covered_branches": 2, "missing_branches": 0}, "missing_lines": [], "excluded_lines": [], "executed_branches": [[9, 8], [9, 17]], "missing_branches": []}, "src/cucu/steps/draggable_steps.py": {"executed_lines": [1, 3, 4, 7, 21, 22, 26, 28, 31, 39, 42, 50, 53, 54, 55, 57, 60, 94, 95, 97, 99, 100, 103, 105, 108, 114, 115, 119, 120, 124, 126, 129, 133, 136, 137, 140, 141, 149, 159], "summary": {"covered_lines": 37, "num_statements": 37, "percent_covered": 100.0, "percent_covered_display": "100", "missing_lines": 0, "excluded_lines": 0, "num_branches": 4, "num_partial_branches": 0, "covered_branches": 4, "missing_branches": 0}, "missing_lines": [], "excluded_lines": [], "executed_branches": [[108, -108], [108, 108], [108, 114], [119, 120], [119, 124]], "missing_branches": []}, "src/cucu/steps/dropdown_steps.py": {"executed_lines": [1, 3, 4, 8, 9, 10, 11, 18, 20, 21, 22, 24, 27, 44, 46, 57, 72, 74, 75, 76, 80, 83, 91, 107, 109, 122, 123, 124, 128, 130, 133, 141, 143, 146, 147, 148, 162, 169, 170, 171, 174, 184, 186, 188, 192, 193, 197, 198, 199, 202, 204, 206, 208, 209, 213, 214, 215, 218, 228, 230, 232, 236, 241, 243, 245, 248, 249, 250, 253, 254, 262, 263, 264, 265, 266, 267, 268, 269, 270, 274, 279, 280, 283, 295, 297, 298, 301, 302, 303, 304, 306, 311, 316, 317, 320, 324, 326, 328, 330, 335, 336, 339, 343, 346, 347, 350, 353, 356, 359, 364, 365, 366, 369, 372, 373, 376, 379, 380, 383, 384, 388, 389, 393, 396, 400, 403, 409, 412, 413, 416, 419, 420, 423, 426, 429, 434, 437, 443, 446, 449, 454, 457, 458, 461, 464], "summary": {"covered_lines": 145, "num_statements": 181, "percent_covered": 79.33579335793358, "percent_covered_display": "79", "missing_lines": 36, "excluded_lines": 0, "num_branches": 90, "num_partial_branches": 20, "covered_branches": 70, "missing_branches": 20}, "missing_lines": [60, 78, 144, 149, 150, 151, 154, 155, 156, 157, 158, 159, 189, 190, 233, 234, 237, 255, 256, 259, 271, 272, 275, 299, 307, 318, 321, 331, 337, 340, 385, 390, 397, 406, 438, 467], "excluded_lines": [], "executed_branches": [[57, 72], [74, 75], [83, -83], [83, 83], [83, 91], [91, 83], [91, 133], [122, 123], [122, 128], [143, 146], [169, 162], [169, 174], [188, 192], [192, 193], [192, 197], [197, 198], [197, 202], [202, 204], [208, 209], [208, 213], [232, 236], [236, 241], [241, 243], [248, 249], [254, 262], [262, 263], [269, 262], [269, 270], [274, 279], [298, 301], [302, 303], [302, 324], [306, 311], [316, 317], [316, 320], [317, -283], [320, -283], [324, 326], [330, 335], [335, 336], [335, 339], [336, 343], [339, 343], [365, 364], [365, 369], [372, 369], [372, 376], [379, 376], [379, 383], [384, 383], [384, 388], [389, 388], [389, 393], [396, 393], [396, 400], [403, 400], [403, 409], [412, 409], [412, 416], [419, 416], [419, 423], [426, 423], [426, 434], [437, 434], [437, 443], [446, 443], [446, 454], [457, 454], [457, 461], [464, -1], [464, 461], [464, 464]], "missing_branches": [[57, 60], [74, 78], [143, 144], [188, 189], [202, 206], [232, 233], [236, 237], [241, 245], [248, 274], [254, 255], [262, 274], [274, 275], [298, 299], [306, 307], [317, 318], [320, 321], [324, 328], [330, 331], [336, 337], [339, 340]]}, "src/cucu/steps/file_input_steps.py": {"executed_lines": [1, 3, 5, 6, 9, 22, 23, 27, 29, 31, 34, 37, 38, 39, 40, 43, 167, 168, 169, 170, 173, 174, 177, 178, 182, 183, 184], "summary": {"covered_lines": 27, "num_statements": 29, "percent_covered": 91.89189189189189, "percent_covered_display": "92", "missing_lines": 2, "excluded_lines": 0, "num_branches": 8, "num_partial_branches": 1, "covered_branches": 7, "missing_branches": 1}, "missing_lines": [32, 179], "excluded_lines": [], "executed_branches": [[31, 34], [38, 37], [38, 43], [178, 177], [178, 182], [183, -1], [183, 182]], "missing_branches": [[31, 32]]}, "src/cucu/steps/filesystem_steps.py": {"executed_lines": [1, 2, 4, 5, 8, 9, 10, 11, 12, 14, 15, 18, 19, 20, 23, 24, 25, 28, 29, 30, 31, 34, 37, 38, 39, 42, 43, 48, 49, 53, 54, 55, 58, 59, 60, 64, 65, 66, 69, 70, 75, 76, 77, 81, 82, 83, 87, 88, 89, 90, 92, 98, 99, 100, 101, 103, 109, 110, 111, 112, 114, 120, 121, 129, 130, 131, 132, 134, 138, 139, 140, 141, 143], "summary": {"covered_lines": 73, "num_statements": 90, "percent_covered": 80.95238095238095, "percent_covered_display": "81", "missing_lines": 17, "excluded_lines": 0, "num_branches": 78, "num_partial_branches": 9, "covered_branches": 63, "missing_branches": 15}, "missing_lines": [44, 45, 50, 61, 71, 72, 78, 84, 93, 104, 115, 122, 123, 125, 126, 135, 144], "excluded_lines": [], "executed_branches": [[9, 8], [9, 18], [11, 12], [11, 14], [14, -8], [14, 15], [19, 18], [19, 23], [24, 23], [24, 28], [29, 28], [29, 34], [30, -28], [30, 31], [37, 34], [37, 42], [38, -34], [38, 39], [43, 42], [43, 48], [49, -48], [54, 53], [54, 58], [59, 58], [59, 64], [60, -58], [65, 64], [65, 69], [70, 69], [70, 75], [76, 75], [76, 81], [77, -75], [82, 81], [82, 87], [83, -81], [88, 87], [88, 98], [89, -87], [89, 90], [92, 89], [99, 98], [99, 109], [100, -98], [100, 101], [103, 100], [110, 109], [110, 120], [111, -109], [111, 112], [114, 111], [121, 120], [121, 129], [130, 129], [130, 138], [131, -129], [131, 132], [134, 131], [139, -1], [139, 138], [140, -138], [140, 141], [143, 140]], "missing_branches": [[44, -42], [44, 45], [49, 50], [60, 61], [77, 78], [83, 84], [92, 93], [103, 104], [114, 115], [122, -120], [122, 123], [125, 122], [125, 126], [134, 135], [143, 144]]}, "src/cucu/steps/flow_control_steps.py": {"executed_lines": [1, 2, 3, 4, 6, 7, 8, 11, 12, 13, 14, 19, 20, 21, 22, 23, 24, 28, 33, 34, 35, 41, 42, 43, 49, 50, 51, 54, 55, 56, 59, 60, 61, 62, 63, 64, 66, 68, 71, 72, 73, 76, 77, 78, 81, 82, 83, 84, 86, 89, 90, 94, 97, 98, 101, 102, 107, 108, 113, 114, 115, 116, 117, 118, 121, 122, 123, 126, 127, 128, 130, 131, 133, 134, 137, 138, 139, 141, 142, 143, 148, 151, 152, 155, 158, 165, 168, 175, 176, 177, 179, 180, 182, 185, 195, 196, 197, 198], "summary": {"covered_lines": 98, "num_statements": 112, "percent_covered": 85.0828729281768, "percent_covered_display": "85", "missing_lines": 14, "excluded_lines": 0, "num_branches": 69, "num_partial_branches": 5, "covered_branches": 56, "missing_branches": 13}, "missing_lines": [25, 30, 36, 44, 91, 103, 104, 109, 110, 129, 161, 162, 171, 172], "excluded_lines": [], "executed_branches": [[12, 11], [12, 19], [13, -11], [13, 14], [20, 19], [20, 33], [24, 28], [34, 33], [34, 41], [35, -33], [42, 41], [42, 49], [43, -41], [50, 49], [50, 54], [55, 54], [55, 59], [72, 71], [72, 76], [77, 76], [77, 81], [82, -81], [82, 83], [83, 84], [90, 89], [90, 94], [97, 94], [97, 101], [102, 101], [102, 107], [108, 107], [108, 113], [114, 113], [114, 121], [122, 121], [122, 126], [127, 126], [127, 137], [128, 130], [142, -137], [142, 143], [151, 148], [151, 155], [158, 155], [158, 165], [168, 165], [168, 175], [176, 175], [176, 185], [185, -185], [185, -1], [185, 185], [185, 195], [196, 185], [196, 195], [197, -195], [197, 198]], "missing_branches": [[24, 25], [35, 36], [43, 44], [83, 86], [103, -101], [103, 104], [109, -107], [109, 110], [128, 129], [161, -155], [161, 162], [171, -165], [171, 172]]}, "src/cucu/steps/image_steps.py": {"executed_lines": [1, 2, 5, 20, 22, 23, 25, 26, 28, 30, 32, 35, 38, 39], "summary": {"covered_lines": 12, "num_statements": 12, "percent_covered": 100.0, "percent_covered_display": "100", "missing_lines": 0, "excluded_lines": 0, "num_branches": 2, "num_partial_branches": 0, "covered_branches": 2, "missing_branches": 0}, "missing_lines": [], "excluded_lines": [], "executed_branches": [[25, 26], [25, 28]], "missing_branches": []}, "src/cucu/steps/input_steps.py": {"executed_lines": [1, 3, 6, 8, 9, 11, 14, 32, 34, 46, 48, 50, 51, 53, 56, 68, 76, 79, 80, 83, 96, 98, 100, 101, 103, 104, 106, 116, 119, 120, 123, 126, 138, 140, 142, 143, 145, 148, 161, 162, 163, 165, 166, 171, 175, 176, 179, 182, 185, 190, 191, 192, 195, 196, 197, 200, 203, 204, 207, 208, 209, 212, 213, 217, 220, 224, 225, 226, 229, 230, 231, 234, 235, 236, 239, 240, 241, 244, 245, 246, 249, 250, 251, 254, 255, 256, 259, 260, 261, 264, 265, 269, 270, 271, 274, 275, 276, 279, 280, 284, 285, 289, 290, 294, 295, 299, 300], "summary": {"covered_lines": 107, "num_statements": 122, "percent_covered": 89.24731182795699, "percent_covered_display": "89", "missing_lines": 15, "excluded_lines": 0, "num_branches": 64, "num_partial_branches": 3, "covered_branches": 59, "missing_branches": 5}, "missing_lines": [60, 62, 63, 65, 77, 167, 172, 214, 221, 266, 281, 286, 291, 296, 301], "excluded_lines": [], "executed_branches": [[50, 51], [50, 53], [76, 79], [100, 101], [100, 103], [103, 104], [103, 106], [106, 116], [106, 123], [142, 143], [142, 145], [165, 166], [165, 171], [166, -148], [171, -148], [191, 190], [191, 195], [196, 195], [196, 200], [203, 200], [203, 207], [208, 207], [208, 212], [213, 212], [213, 217], [220, 217], [220, 224], [225, 224], [225, 229], [230, 229], [230, 234], [235, 234], [235, 239], [240, 239], [240, 244], [245, 244], [245, 249], [250, 249], [250, 254], [255, 254], [255, 259], [260, 259], [260, 264], [265, 264], [265, 269], [270, 269], [270, 274], [275, 274], [275, 279], [280, 279], [280, 284], [285, 284], [285, 289], [290, 289], [290, 294], [295, 294], [295, 299], [300, -1], [300, 299]], "missing_branches": [[62, 63], [62, 65], [76, 77], [166, 167], [171, 172]]}, "src/cucu/steps/link_steps.py": {"executed_lines": [1, 2, 4, 7, 23, 24, 28, 30, 33, 37, 39, 40, 42, 45, 48, 51, 54, 61], "summary": {"covered_lines": 18, "num_statements": 18, "percent_covered": 100.0, "percent_covered_display": "100", "missing_lines": 0, "excluded_lines": 0, "num_branches": 2, "num_partial_branches": 0, "covered_branches": 2, "missing_branches": 0}, "missing_lines": [], "excluded_lines": [], "executed_branches": [[39, 40], [39, 42]], "missing_branches": []}, "src/cucu/steps/menuitem_steps.py": {"executed_lines": [5, 6, 8, 11, 33, 34, 37], "summary": {"covered_lines": 7, "num_statements": 11, "percent_covered": 63.63636363636363, "percent_covered_display": "64", "missing_lines": 4, "excluded_lines": 0, "num_branches": 0, "num_partial_branches": 0, "covered_branches": 0, "missing_branches": 0}, "missing_lines": [23, 24, 28, 30], "excluded_lines": [], "executed_branches": [], "missing_branches": []}, "src/cucu/steps/platform_steps.py": {"executed_lines": [1, 3, 6, 7, 8, 9, 12, 13, 14, 20, 21, 26, 27], "summary": {"covered_lines": 13, "num_statements": 18, "percent_covered": 67.6470588235294, "percent_covered_display": "68", "missing_lines": 5, "excluded_lines": 0, "num_branches": 16, "num_partial_branches": 2, "covered_branches": 10, "missing_branches": 6}, "missing_lines": [15, 22, 23, 28, 29], "excluded_lines": [], "executed_branches": [[7, 6], [7, 12], [8, 9], [13, 12], [13, 20], [14, -12], [21, 20], [21, 26], [27, -1], [27, 26]], "missing_branches": [[8, -6], [14, 15], [22, -20], [22, 23], [28, -26], [28, 29]]}, "src/cucu/steps/radio_steps.py": {"executed_lines": [1, 2, 3, 5, 8, 24, 25, 36, 38, 41, 53, 55, 56, 62, 65, 77, 78, 80, 85, 87, 88, 89, 93, 96, 100, 103, 107, 110, 114, 116, 121, 123, 126, 129, 132, 135, 138, 141, 144, 150, 155, 156, 160, 161, 162, 169, 170, 174, 177, 181, 182], "summary": {"covered_lines": 51, "num_statements": 62, "percent_covered": 78.4090909090909, "percent_covered_display": "78", "missing_lines": 11, "excluded_lines": 0, "num_branches": 26, "num_partial_branches": 6, "covered_branches": 18, "missing_branches": 8}, "missing_lines": [57, 59, 60, 81, 91, 117, 124, 157, 171, 178, 183], "excluded_lines": [], "executed_branches": [[55, 56], [56, 62], [80, 85], [87, 88], [87, 93], [88, 89], [116, 121], [123, 126], [156, 155], [156, 160], [161, 160], [161, 169], [170, 169], [170, 174], [177, 174], [177, 181], [182, -1], [182, 181]], "missing_branches": [[55, 59], [56, 57], [59, 60], [59, 62], [80, 81], [88, 91], [116, 117], [123, 124]]}, "src/cucu/steps/step_utils.py": {"executed_lines": [1, 3, 6, 10, 12, 13, 16, 21, 23, 24, 26, 28, 29, 37, 42, 44, 45, 47, 49, 50], "summary": {"covered_lines": 20, "num_statements": 22, "percent_covered": 87.5, "percent_covered_display": "88", "missing_lines": 2, "excluded_lines": 0, "num_branches": 10, "num_partial_branches": 2, "covered_branches": 8, "missing_branches": 2}, "missing_lines": [32, 53], "excluded_lines": [], "executed_branches": [[12, -6], [12, 13], [23, 24], [23, 26], [28, 29], [44, 45], [44, 47], [49, 50]], "missing_branches": [[28, 32], [49, 53]]}, "src/cucu/steps/tab_steps.py": {"executed_lines": [1, 2, 4, 7, 19, 20, 22, 24, 27, 31, 33, 36, 39, 43, 46, 50, 53, 54, 57, 60, 63, 66], "summary": {"covered_lines": 22, "num_statements": 23, "percent_covered": 92.0, "percent_covered_display": "92", "missing_lines": 1, "excluded_lines": 0, "num_branches": 2, "num_partial_branches": 1, "covered_branches": 1, "missing_branches": 1}, "missing_lines": [34], "excluded_lines": [], "executed_branches": [[33, 36]], "missing_branches": [[33, 34]]}, "src/cucu/steps/table_steps.py": {"executed_lines": [1, 2, 3, 5, 7, 16, 19, 29, 30, 31, 33, 34, 35, 37, 40, 50, 52, 53, 54, 55, 56, 58, 61, 65, 68, 73, 74, 76, 77, 78, 79, 81, 82, 84, 87, 91, 94, 98, 100, 101, 102, 103, 104, 105, 106, 107, 109, 110, 111, 113, 114, 116, 119, 120, 121, 122, 123, 124, 128, 129, 134, 135, 136, 137, 138, 139, 143, 144, 145, 146, 150, 153, 168, 169, 171, 176, 177, 178, 180, 183, 198, 199, 200, 202, 207, 208, 209, 212, 213, 215, 218, 225, 226, 227, 229, 230, 231, 233, 234, 235, 237, 238, 241, 244, 250, 253, 259, 260, 263, 264, 267, 270, 277, 281, 282, 285, 289, 290, 293, 302, 303, 305, 306, 311, 314, 317, 318, 321, 324, 325, 328, 340, 342, 343, 350, 360, 362, 363, 364, 369, 372, 373, 381, 384, 387, 391, 394, 397, 398, 399, 401, 402, 405, 409, 415, 417, 420, 421, 426, 427, 428, 430, 431, 433, 437], "summary": {"covered_lines": 165, "num_statements": 187, "percent_covered": 89.53068592057761, "percent_covered_display": "90", "missing_lines": 22, "excluded_lines": 0, "num_branches": 90, "num_partial_branches": 3, "covered_branches": 83, "missing_branches": 7}, "missing_lines": [172, 173, 203, 204, 239, 247, 248, 256, 257, 261, 265, 273, 274, 307, 308, 344, 345, 365, 366, 406, 410, 411], "excluded_lines": [], "executed_branches": [[52, 53], [52, 58], [54, 55], [54, 56], [73, 74], [73, 84], [76, 77], [76, 81], [77, 76], [77, 78], [78, 77], [78, 79], [81, 82], [81, 84], [91, -91], [91, -87], [100, 101], [100, 113], [101, 102], [101, 109], [103, 104], [103, 106], [104, 103], [104, 105], [106, 101], [106, 107], [109, 100], [109, 110], [113, 114], [113, 116], [122, 123], [122, 128], [137, 138], [137, 143], [145, 146], [145, 150], [171, 176], [176, 177], [176, 180], [177, 176], [177, 178], [202, 207], [207, 208], [207, 212], [208, 207], [208, 209], [212, 213], [212, 215], [218, 218], [218, 225], [218, 277], [226, 225], [226, 229], [230, 229], [230, 233], [234, 233], [234, 237], [238, 237], [238, 241], [244, 241], [244, 244], [244, 250], [253, 250], [253, 253], [253, 259], [260, 259], [260, 263], [264, 263], [264, 267], [270, 218], [270, 267], [270, 270], [317, 314], [317, 321], [324, 321], [324, 328], [373, 372], [373, 384], [387, 384], [387, 394], [397, 394], [397, 420], [405, 409], [421, -1], [421, 420], [430, 431], [430, 433]], "missing_branches": [[171, 172], [172, 173], [172, 180], [202, 203], [203, 204], [203, 212], [405, 406]]}, "src/cucu/steps/text_steps.py": {"executed_lines": [1, 2, 3, 4, 7, 19, 20, 28, 30, 34, 35, 38, 40, 43, 44, 46, 47, 48, 52, 55, 58, 59, 61, 62, 63, 67, 70, 71, 72, 74, 75, 76, 78], "summary": {"covered_lines": 32, "num_statements": 32, "percent_covered": 100.0, "percent_covered_display": "100", "missing_lines": 0, "excluded_lines": 0, "num_branches": 6, "num_partial_branches": 0, "covered_branches": 6, "missing_branches": 0}, "missing_lines": [], "excluded_lines": [], "executed_branches": [[43, 40], [43, 55], [58, 55], [58, 70], [71, -1], [71, 70]], "missing_branches": []}, "src/cucu/steps/variable_steps.py": {"executed_lines": [1, 3, 4, 7, 8, 9, 12, 13, 14, 17, 18, 19, 23, 24, 25, 29, 30, 31, 35, 36, 37, 41, 42, 43, 47, 48, 49, 53, 54, 55, 59, 60, 61, 63, 67, 68, 69, 73, 74, 75, 77, 81, 82, 83, 85, 89, 92, 93, 96, 99, 100], "summary": {"covered_lines": 51, "num_statements": 62, "percent_covered": 80.70175438596492, "percent_covered_display": "81", "missing_lines": 11, "excluded_lines": 0, "num_branches": 52, "num_partial_branches": 11, "covered_branches": 41, "missing_branches": 11}, "missing_lines": [20, 26, 32, 38, 44, 50, 56, 64, 70, 78, 86], "excluded_lines": [], "executed_branches": [[8, 7], [8, 12], [13, 12], [13, 17], [18, 17], [18, 23], [19, -17], [24, 23], [24, 29], [25, -23], [30, 29], [30, 35], [31, -29], [36, 35], [36, 41], [37, -35], [42, 41], [42, 47], [43, -41], [48, 47], [48, 53], [49, -47], [54, 53], [54, 59], [55, -53], [60, 59], [60, 67], [63, -59], [68, 67], [68, 73], [69, -67], [74, 73], [74, 81], [77, -73], [82, 81], [82, 89], [85, -81], [92, 89], [92, 96], [99, -1], [99, 96]], "missing_branches": [[19, 20], [25, 26], [31, 32], [37, 38], [43, 44], [49, 50], [55, 56], [63, 64], [69, 70], [77, 78], [85, 86]]}, "src/cucu/steps/webserver_steps.py": {"executed_lines": [1, 2, 3, 4, 6, 8, 9, 12, 13, 14, 17, 20, 29, 30, 31, 32, 34, 35, 37, 38, 40, 41, 42, 44], "summary": {"covered_lines": 24, "num_statements": 24, "percent_covered": 100.0, "percent_covered_display": "100", "missing_lines": 0, "excluded_lines": 0, "num_branches": 4, "num_partial_branches": 0, "covered_branches": 4, "missing_branches": 0}, "missing_lines": [], "excluded_lines": [], "executed_branches": [[20, -1], [20, 17], [37, 38], [37, 40]], "missing_branches": []}, "src/cucu/utils.py": {"executed_lines": [1, 6, 7, 8, 9, 11, 12, 13, 21, 23, 24, 25, 27, 39, 40, 43, 44, 45, 48, 56, 64, 65, 69, 70, 72, 74, 75, 77, 78, 83, 84, 85, 86, 87, 88, 90, 92, 93, 96, 99, 100, 102, 103, 105, 108, 114, 115, 117, 118, 120, 128, 129, 131, 132, 134, 136, 139, 143, 146, 149, 156, 157, 158, 159, 160, 161, 164, 167, 168, 169, 170, 171, 173, 175, 176, 177, 182, 185, 186, 193, 196, 204, 205, 206, 208, 211, 212, 213, 215, 223, 224, 227, 228, 230, 231, 232, 233, 234, 236, 237, 270, 271, 273], "summary": {"covered_lines": 102, "num_statements": 116, "percent_covered": 87.33333333333333, "percent_covered_display": "87", "missing_lines": 14, "excluded_lines": 0, "num_branches": 34, "num_partial_branches": 5, "covered_branches": 29, "missing_branches": 5}, "missing_lines": [46, 94, 239, 240, 241, 242, 243, 245, 246, 248, 257, 259, 261, 268], "excluded_lines": [], "executed_branches": [[45, 48], [69, 70], [69, 72], [84, 85], [84, 102], [85, 86], [85, 99], [86, 87], [86, 90], [92, 85], [92, 93], [93, 96], [114, 115], [114, 117], [117, 118], [117, 120], [128, 120], [128, 136], [131, 132], [131, 134], [158, 159], [158, 161], [170, 171], [170, 173], [227, 228], [227, 230], [230, 231], [236, 237], [270, 271]], "missing_branches": [[45, 46], [93, 94], [230, 232], [236, 239], [270, 273]]}}, "totals": {"covered_lines": 3763, "num_statements": 4261, "percent_covered": 87.40656483587911, "percent_covered_display": "87", "missing_lines": 498, "excluded_lines": 0, "num_branches": 1893, "num_partial_branches": 167, "covered_branches": 1616, "missing_branches": 277}}